<?xml version="1.0" encoding="UTF-8"?>
<testsuites>
  <testsuite name="My Login application" timestamp="2021-10-05T11:36:56" time="3.866" tests="1" failures="0" errors="0" skipped="0">
    <properties>
      <property name="specId" value="0"/>
      <property name="suiteName" value="My Login application"/>
      <property name="capabilities" value="chrome.94_0_4606_71.win32"/>
      <property name="file" value=".\test\specs\example.e2e.ts"/>
    </properties>
    <testcase classname="chrome.94_0_4606_71.win32.My_Login_application" name="should login with valid credentials" time="3.866">
      <system-out><![CDATA[
COMMAND: navigateTo - {"url":"https://the-internet.herokuapp.com/login"}
RESULT: undefined
COMMAND: findElement - {"using":"css selector","value":"#username"}
RESULT: undefined
COMMAND: elementClear - {"elementId":"ELEMENT-1"}
RESULT: undefined
COMMAND: elementSendKeys - {"elementId":"ELEMENT-1","text":"tomsmith"}
RESULT: undefined
COMMAND: findElement - {"using":"css selector","value":"#password"}
RESULT: undefined
COMMAND: elementClear - {"elementId":"ELEMENT-2"}
RESULT: undefined
COMMAND: elementSendKeys - {"elementId":"ELEMENT-2","text":"SuperSecretPassword!"}
RESULT: undefined
COMMAND: findElement - {"using":"css selector","value":"button[type=\"submit\"]"}
RESULT: undefined
COMMAND: elementClick - {"elementId":"ELEMENT-3"}
RESULT: undefined
COMMAND: findElement - {"using":"css selector","value":"#flash"}
RESULT: undefined
COMMAND: findElements - {"using":"css selector","value":"#flash"}
RESULT: undefined
COMMAND: findElement - {"using":"css selector","value":"#flash"}
RESULT: undefined
COMMAND: getElementText - {"elementId":"ELEMENT-6"}
RESULT: undefined
COMMAND: deleteSession - {}
RESULT: undefined
]]></system-out>
    </testcase>
  </testsuite>
</testsuites>